This is pdfTeX, Version 3.1415926-2.4-1.40.13 (MiKTeX 2.9 64-bit) (preloaded format=pdflatex 2014.3.3)  1 MAY 2014 23:28
entering extended mode
**intro_draft.tex
(D:\GitHub\intro_draft\intro_draft.tex
LaTeX2e <2011/06/27>
Babel <v3.8m> and hyphenation patterns for english, afrikaans, ancientgreek, ar
abic, armenian, assamese, basque, bengali, bokmal, bulgarian, catalan, coptic, 
croatian, czech, danish, dutch, esperanto, estonian, farsi, finnish, french, ga
lician, german, german-x-2012-05-30, greek, gujarati, hindi, hungarian, iceland
ic, indonesian, interlingua, irish, italian, kannada, kurmanji, latin, latvian,
 lithuanian, malayalam, marathi, mongolian, mongolianlmc, monogreek, ngerman, n
german-x-2012-05-30, nynorsk, oriya, panjabi, pinyin, polish, portuguese, roman
ian, russian, sanskrit, serbian, slovak, slovenian, spanish, swedish, swissgerm
an, tamil, telugu, turkish, turkmen, ukenglish, ukrainian, uppersorbian, usengl
ishmax, welsh, loaded.
(G:\Tools\MikTex\tex\latex\base\article.cls
Document Class: article 2007/10/19 v1.4h Standard LaTeX document class
(G:\Tools\MikTex\tex\latex\base\size10.clo
File: size10.clo 2007/10/19 v1.4h Standard LaTeX file (size option)
)
\c@part=\count79
\c@section=\count80
\c@subsection=\count81
\c@subsubsection=\count82
\c@paragraph=\count83
\c@subparagraph=\count84
\c@figure=\count85
\c@table=\count86
\abovecaptionskip=\skip41
\belowcaptionskip=\skip42
\bibindent=\dimen102
)
(G:\Tools\MikTex\tex\latex\graphics\graphicx.sty
Package: graphicx 1999/02/16 v1.0f Enhanced LaTeX Graphics (DPC,SPQR)

(G:\Tools\MikTex\tex\latex\graphics\keyval.sty
Package: keyval 1999/03/16 v1.13 key=value parser (DPC)
\KV@toks@=\toks14
)
(G:\Tools\MikTex\tex\latex\graphics\graphics.sty
Package: graphics 2009/02/05 v1.0o Standard LaTeX Graphics (DPC,SPQR)

(G:\Tools\MikTex\tex\latex\graphics\trig.sty
Package: trig 1999/03/16 v1.09 sin cos tan (DPC)
)
(G:\Tools\MikTex\tex\latex\00miktex\graphics.cfg
File: graphics.cfg 2007/01/18 v1.5 graphics configuration of teTeX/TeXLive
)
Package graphics Info: Driver file: pdftex.def on input line 91.

(G:\Tools\MikTex\tex\latex\pdftex-def\pdftex.def
File: pdftex.def 2011/05/27 v0.06d Graphics/color for pdfTeX

(G:\Tools\MikTex\tex\generic\oberdiek\infwarerr.sty
Package: infwarerr 2010/04/08 v1.3 Providing info/warning/error messages (HO)
)
(G:\Tools\MikTex\tex\generic\oberdiek\ltxcmds.sty
Package: ltxcmds 2011/11/09 v1.22 LaTeX kernel commands for general use (HO)
)
\Gread@gobject=\count87
))
\Gin@req@height=\dimen103
\Gin@req@width=\dimen104
)
(G:\Tools\MikTex\tex\latex\subfig\subfig.sty
Package: subfig 2005/06/28 ver: 1.3 subfig package

(G:\Tools\MikTex\tex\latex\caption\caption.sty
Package: caption 2013/05/02 v3.3-89 Customizing captions (AR)

(G:\Tools\MikTex\tex\latex\caption\caption3.sty
Package: caption3 2013/05/02 v1.6-88 caption3 kernel (AR)
Package caption3 Info: TeX engine: e-TeX on input line 57.
\captionmargin=\dimen105
\captionmargin@=\dimen106
\captionwidth=\dimen107
\caption@tempdima=\dimen108
\caption@indent=\dimen109
\caption@parindent=\dimen110
\caption@hangindent=\dimen111
)
\c@ContinuedFloat=\count88
)
\c@KVtest=\count89
\sf@farskip=\skip43
\sf@captopadj=\dimen112
\sf@capskip=\skip44
\sf@nearskip=\skip45
\c@subfigure=\count90
\c@subfigure@save=\count91
\c@lofdepth=\count92
\c@subtable=\count93
\c@subtable@save=\count94
\c@lotdepth=\count95
\sf@top=\skip46
\sf@bottom=\skip47
)
(G:\Tools\MikTex\tex\latex\amsmath\amsmath.sty
Package: amsmath 2013/01/14 v2.14 AMS math features
\@mathmargin=\skip48

For additional information on amsmath, use the `?' option.
(G:\Tools\MikTex\tex\latex\amsmath\amstext.sty
Package: amstext 2000/06/29 v2.01

(G:\Tools\MikTex\tex\latex\amsmath\amsgen.sty
File: amsgen.sty 1999/11/30 v2.0
\@emptytoks=\toks15
\ex@=\dimen113
))
(G:\Tools\MikTex\tex\latex\amsmath\amsbsy.sty
Package: amsbsy 1999/11/29 v1.2d
\pmbraise@=\dimen114
)
(G:\Tools\MikTex\tex\latex\amsmath\amsopn.sty
Package: amsopn 1999/12/14 v2.01 operator names
)
\inf@bad=\count96
LaTeX Info: Redefining \frac on input line 210.
\uproot@=\count97
\leftroot@=\count98
LaTeX Info: Redefining \overline on input line 306.
\classnum@=\count99
\DOTSCASE@=\count100
LaTeX Info: Redefining \ldots on input line 378.
LaTeX Info: Redefining \dots on input line 381.
LaTeX Info: Redefining \cdots on input line 466.
\Mathstrutbox@=\box26
\strutbox@=\box27
\big@size=\dimen115
LaTeX Font Info:    Redeclaring font encoding OML on input line 566.
LaTeX Font Info:    Redeclaring font encoding OMS on input line 567.
\macc@depth=\count101
\c@MaxMatrixCols=\count102
\dotsspace@=\muskip10
\c@parentequation=\count103
\dspbrk@lvl=\count104
\tag@help=\toks16
\row@=\count105
\column@=\count106
\maxfields@=\count107
\andhelp@=\toks17
\eqnshift@=\dimen116
\alignsep@=\dimen117
\tagshift@=\dimen118
\tagwidth@=\dimen119
\totwidth@=\dimen120
\lineht@=\dimen121
\@envbody=\toks18
\multlinegap=\skip49
\multlinetaggap=\skip50
\mathdisplay@stack=\toks19
LaTeX Info: Redefining \[ on input line 2665.
LaTeX Info: Redefining \] on input line 2666.
)
(D:\GitHub\intro_draft\intro_draft.aux)
LaTeX Font Info:    Checking defaults for OML/cmm/m/it on input line 6.
LaTeX Font Info:    ... okay on input line 6.
LaTeX Font Info:    Checking defaults for T1/cmr/m/n on input line 6.
LaTeX Font Info:    ... okay on input line 6.
LaTeX Font Info:    Checking defaults for OT1/cmr/m/n on input line 6.
LaTeX Font Info:    ... okay on input line 6.
LaTeX Font Info:    Checking defaults for OMS/cmsy/m/n on input line 6.
LaTeX Font Info:    ... okay on input line 6.
LaTeX Font Info:    Checking defaults for OMX/cmex/m/n on input line 6.
LaTeX Font Info:    ... okay on input line 6.
LaTeX Font Info:    Checking defaults for U/cmr/m/n on input line 6.
LaTeX Font Info:    ... okay on input line 6.

(G:\Tools\MikTex\tex\context\base\supp-pdf.mkii
[Loading MPS to PDF converter (version 2006.09.02).]
\scratchcounter=\count108
\scratchdimen=\dimen122
\scratchbox=\box28
\nofMPsegments=\count109
\nofMParguments=\count110
\everyMPshowfont=\toks20
\MPscratchCnt=\count111
\MPscratchDim=\dimen123
\MPnumerator=\count112
\makeMPintoPDFobject=\count113
\everyMPtoPDFconversion=\toks21
)
Package caption Info: Begin \AtBeginDocument code.
Package caption Info: subfig package v1.3 is loaded.
Package caption Info: End \AtBeginDocument code.


LaTeX Warning: Citation `cetd' on page 1 undefined on input line 12.

LaTeX Font Info:    Try loading font information for OMS+cmr on input line 15.
(G:\Tools\MikTex\tex\latex\base\omscmr.fd
File: omscmr.fd 1999/05/25 v2.5h Standard LaTeX font definitions
)
LaTeX Font Info:    Font shape `OMS/cmr/m/n' in size <10> not available
(Font)              Font shape `OMS/cmsy/m/n' tried instead on input line 15.
 [1

{C:/ProgramData/MiKTeX/2.9/pdftex/config/pdftex.map}] [2]

LaTeX Warning: Citation `Dolev-Yao' on page 3 undefined on input line 49.


LaTeX Warning: Citation `symbolic-mac' on page 3 undefined on input line 59.


LaTeX Warning: Citation `symbolic-kerberos' on page 3 undefined on input line 6
5.

[3]

LaTeX Warning: Citation `computational-kerberos' on page 4 undefined on input l
ine 67.


LaTeX Warning: Citation `symbolic-survey' on page 4 undefined on input line 76.



LaTeX Warning: Citation `Rogaway2011' on page 4 undefined on input line 88.

[4]

LaTeX Warning: Citation `cbc1994' on page 5 undefined on input line 90.


LaTeX Warning: Citation `signature' on page 5 undefined on input line 90.


LaTeX Warning: Citation `prf' on page 5 undefined on input line 95.


LaTeX Warning: Citation `cbc1994' on page 5 undefined on input line 98.


LaTeX Warning: Citation `prf' on page 5 undefined on input line 102.


LaTeX Warning: Citation `cbc1994' on page 5 undefined on input line 102.


LaTeX Warning: Citation `prf' on page 5 undefined on input line 102.

[5]

LaTeX Warning: Citation `goldwasser1984probabilistic' on page 6 undefined on in
put line 112.


LaTeX Warning: Citation `yao1982theory' on page 6 undefined on input line 113.


LaTeX Warning: Citation `shoup2000using' on page 6 undefined on input line 114.



LaTeX Warning: Citation `bellare1990new' on page 6 undefined on input line 115.



LaTeX Warning: Citation `kilian1996protect' on page 6 undefined on input line 1
17.


LaTeX Warning: Citation `code-game' on page 6 undefined on input line 121.


LaTeX Warning: Citation `yasuda2011new' on page 6 undefined on input line 123.


LaTeX Warning: Citation `code-game' on page 6 undefined on input line 125.


LaTeX Warning: Citation `code-game' on page 6 undefined on input line 125.

[6]

LaTeX Warning: Citation `blanchet2006automated' on page 7 undefined on input li
ne 148.

[7]

! LaTeX Error: Unknown graphics extension: .eps.

See the LaTeX manual or LaTeX Companion for explanation.
Type  H <return>  for immediate help.
 ...                                              
                                                  
l.175 ...aphics[scale=0.3]{./diagrams/cbc-mac.eps}
                                                  
Try typing  <return>  to proceed.
If that doesn't work, type  X <return>  to quit.


LaTeX Warning: Citation `cbc1994' on page 8 undefined on input line 184.


LaTeX Warning: Citation `emac' on page 8 undefined on input line 187.


! LaTeX Error: Unknown graphics extension: .eps.

See the LaTeX manual or LaTeX Companion for explanation.
Type  H <return>  for immediate help.
 ...                                              
                                                  
l.192 ...egraphics[scale=0.5]{./diagrams/cmac.eps}
                                                  
Try typing  <return>  to proceed.
If that doesn't work, type  X <return>  to quit.

[8]

LaTeX Warning: Citation `xcbc' on page 9 undefined on input line 197.


LaTeX Warning: Citation `xcbc' on page 9 undefined on input line 202.


LaTeX Warning: Citation `new' on page 9 undefined on input line 202.


LaTeX Warning: Citation `tmac' on page 9 undefined on input line 204.


LaTeX Warning: Citation `tmac' on page 9 undefined on input line 207.


LaTeX Warning: Citation `new' on page 9 undefined on input line 207.


LaTeX Warning: Citation `omac' on page 9 undefined on input line 209.


LaTeX Warning: Citation `omac' on page 9 undefined on input line 211.


LaTeX Warning: Citation `alred' on page 9 undefined on input line 213.

[9]

LaTeX Warning: Citation `xor-mac' on page 10 undefined on input line 218.


LaTeX Warning: Citation `xor-mac' on page 10 undefined on input line 220.


LaTeX Warning: Citation `xor-mac' on page 10 undefined on input line 220.


! LaTeX Error: Unknown graphics extension: .eps.

See the LaTeX manual or LaTeX Companion for explanation.
Type  H <return>  for immediate help.
 ...                                              
                                                  
l.227 ...egraphics[scale=0.5]{./diagrams/pmac.eps}
                                                  
Try typing  <return>  to proceed.
If that doesn't work, type  X <return>  to quit.


LaTeX Warning: Citation `pmac' on page 10 undefined on input line 232.


LaTeX Warning: Citation `pmac' on page 10 undefined on input line 236.

[10]

LaTeX Warning: Citation `pmac_forgery' on page 11 undefined on input line 238.


LaTeX Warning: Citation `tweak' on page 11 undefined on input line 240.


LaTeX Warning: Citation `tweak_pmac' on page 11 undefined on input line 240.


LaTeX Warning: Citation `tweak_pmac' on page 11 undefined on input line 243.


LaTeX Warning: Citation `tweak_pmac' on page 11 undefined on input line 243.


LaTeX Warning: Citation `new' on page 11 undefined on input line 244.


LaTeX Warning: Citation `pmac' on page 11 undefined on input line 246.


LaTeX Warning: Citation `improve_pmac' on page 11 undefined on input line 247.


LaTeX Warning: Citation `pmac' on page 11 undefined on input line 247.


LaTeX Warning: Citation `new' on page 11 undefined on input line 247.


LaTeX Warning: Citation `iPMAC' on page 11 undefined on input line 249.


LaTeX Warning: Citation `iPMAC' on page 11 undefined on input line 251.


LaTeX Warning: Citation `pmac' on page 11 undefined on input line 251.

[11]

LaTeX Warning: Citation `gcm' on page 12 undefined on input line 256.


LaTeX Warning: Citation `breaking' on page 12 undefined on input line 263.


LaTeX Warning: Citation `Rogaway2011' on page 12 undefined on input line 265.


LaTeX Warning: Citation `key_recover' on page 12 undefined on input line 267.


Overfull \hbox (8.55417pt too wide) in paragraph at lines 269--269
[]\OT1/cmr/bx/n/12 Authentication-Encryption Schemes and Se-cu-rity Anal-
 []


LaTeX Warning: Citation `ae-notion' on page 12 undefined on input line 272.


LaTeX Warning: Citation `aead' on page 12 undefined on input line 273.

[12]

LaTeX Warning: Citation `aead' on page 13 undefined on input line 276.


LaTeX Warning: Citation `ccm' on page 13 undefined on input line 277.


LaTeX Warning: Citation `eax' on page 13 undefined on input line 278.


LaTeX Warning: Citation `gcm' on page 13 undefined on input line 279.


LaTeX Warning: Citation `breaking' on page 13 undefined on input line 279.


LaTeX Warning: Citation `ocb' on page 13 undefined on input line 280.


LaTeX Warning: Citation `tweak' on page 13 undefined on input line 280.


LaTeX Warning: Citation `iPMAC' on page 13 undefined on input line 280.


LaTeX Warning: Citation `fast' on page 13 undefined on input line 283.


LaTeX Warning: Citation `cycle' on page 13 undefined on input line 286.


LaTeX Warning: Citation `attack_blk' on page 13 undefined on input line 286.


LaTeX Warning: Citation `hardware_attack' on page 13 undefined on input line 28
6.


! LaTeX Error: Unknown graphics extension: .eps.

See the LaTeX manual or LaTeX Companion for explanation.
Type  H <return>  for immediate help.
 ...                                              
                                                  
l.294 ...le=0.5]{./diagrams/memory_protection.eps}
                                                  
Try typing  <return>  to proceed.
If that doesn't work, type  X <return>  to quit.

[13]

LaTeX Warning: Citation `area' on page 14 undefined on input line 305.


Overfull \hbox (4.91609pt too wide) in paragraph at lines 315--317
[]\OT1/cmr/m/n/10 Some MA sys-tems are con-structed based on authenticated-encr
yption schemes
 []


LaTeX Warning: Citation `yan-MA' on page 14 undefined on input line 318.


LaTeX Warning: Citation `gcm' on page 14 undefined on input line 318.


LaTeX Warning: Citation `gcm' on page 14 undefined on input line 319.


LaTeX Warning: Citation `breaking' on page 14 undefined on input line 319.

[14]

LaTeX Warning: Citation `pc-ice' on page 15 undefined on input line 322.


LaTeX Warning: Citation `ae-notion' on page 15 undefined on input line 323.


LaTeX Warning: Citation `rogers-MA' on page 15 undefined on input line 327.


LaTeX Warning: Citation `ae-notion' on page 15 undefined on input line 329.


LaTeX Warning: Citation `vaslin-MA' on page 15 undefined on input line 331.


LaTeX Warning: Citation `area' on page 15 undefined on input line 333.

[15] (D:\GitHub\intro_draft\intro_draft.bbl

LaTeX Warning: Empty `thebibliography' environment on input line 3.

) [16] (D:\GitHub\intro_draft\intro_draft.aux)

LaTeX Warning: There were undefined references.


LaTeX Warning: Label(s) may have changed. Rerun to get cross-references right.

 ) 
Here is how much of TeX's memory you used:
 2977 strings out of 493921
 42925 string characters out of 3152095
 102860 words of memory out of 3000000
 6282 multiletter control sequences out of 15000+200000
 5612 words of font info for 21 fonts, out of 3000000 for 9000
 841 hyphenation exceptions out of 8191
 44i,8n,42p,1334b,273s stack positions out of 5000i,500n,10000p,200000b,50000s
<G:/Tools/MikTex/fonts/type1/public/amsfonts/cm/cmbx10.pfb><G:/Tools/MikTex/f
onts/type1/public/amsfonts/cm/cmbx12.pfb><G:/Tools/MikTex/fonts/type1/public/am
sfonts/cm/cmmi7.pfb><G:/Tools/MikTex/fonts/type1/public/amsfonts/cm/cmr10.pfb><
G:/Tools/MikTex/fonts/type1/public/amsfonts/cm/cmr7.pfb><G:/Tools/MikTex/fonts/
type1/public/amsfonts/cm/cmsy10.pfb>
Output written on intro_draft.pdf (16 pages, 135591 bytes).
PDF statistics:
 78 PDF objects out of 1000 (max. 8388607)
 0 named destinations out of 1000 (max. 500000)
 1 words of extra memory for PDF output out of 10000 (max. 10000000)

